<?xml version='1.0' encoding='UTF-8'?>
<testsuite hostname="VNSGN-MLSEPN" name="JSONProcessorTest" tests="3" errors="0" failures="0" skipped="0" time="0.244" timestamp="2020-01-20T17:49:46">
                     <properties>
[...]
</properties>
                     <testcase classname="JSONProcessorTest" name="A JSONProcessor should throw a FileNotFoundException if the file is not found" time="0.011">
                                                 
                                               </testcase><testcase classname="JSONProcessorTest" name="A JSONProcessor should throw a JsonParseException if the file doesn't contain JSON" time="0.212">
                                                 
                                               </testcase><testcase classname="JSONProcessorTest" name="A JSONProcessor should throw a NoSuchElementException if the JSON is not correctly formatted" time="0.021">
                                                 
                                               </testcase>
                     <system-out><![CDATA[]]></system-out>
                     <system-err><![CDATA[]]></system-err>
                   </testsuite>